[0.009s] Invoking command in '/home/pawan/arm_6x/build/gazebo_ros2_control': CMAKE_PREFIX_PATH=${CMAKE_PREFIX_PATH}:/home/pawan/arm_6x/install/roverarm:/opt/ros/humble /usr/bin/cmake /home/pawan/arm_6x/src/gazebo_ros2_control -DCMAKE_INSTALL_PREFIX=/home/pawan/arm_6x/install/gazebo_ros2_control
[0.065s] -- The C compiler identification is GNU 11.4.0
[0.106s] -- The CXX compiler identification is GNU 11.4.0
[0.114s] -- Detecting C compiler ABI info
[0.159s] -- Detecting C compiler ABI info - done
[0.166s] -- Check for working C compiler: /usr/lib/ccache/cc - skipped
[0.167s] -- Detecting C compile features
[0.167s] -- Detecting C compile features - done
[0.170s] -- Detecting CXX compiler ABI info
[0.217s] -- Detecting CXX compiler ABI info - done
[0.225s] -- Check for working CXX compiler: /usr/lib/ccache/c++ - skipped
[0.225s] -- Detecting CXX compile features
[0.225s] -- Detecting CXX compile features - done
[0.236s] -- Found ament_cmake: 1.3.8 (/opt/ros/humble/share/ament_cmake/cmake)
[0.466s] -- Found Python3: /usr/bin/python3 (found version "3.10.12") found components: Interpreter 
[0.526s] -- Found angles: 1.15.0 (/opt/ros/humble/share/angles/cmake)
[0.530s] -- Found controller_manager: 2.40.0 (/opt/ros/humble/share/controller_manager/cmake)
[0.594s] -- Found rosidl_generator_c: 3.1.5 (/opt/ros/humble/share/rosidl_generator_c/cmake)
[0.600s] -- Found rosidl_adapter: 3.1.5 (/opt/ros/humble/share/rosidl_adapter/cmake)
[0.609s] -- Found rosidl_generator_cpp: 3.1.5 (/opt/ros/humble/share/rosidl_generator_cpp/cmake)
[0.628s] -- Using all available rosidl_typesupport_c: rosidl_typesupport_fastrtps_c;rosidl_typesupport_introspection_c
[0.648s] -- Using all available rosidl_typesupport_cpp: rosidl_typesupport_fastrtps_cpp;rosidl_typesupport_introspection_cpp
[1.147s] -- Found rmw_implementation_cmake: 6.1.1 (/opt/ros/humble/share/rmw_implementation_cmake/cmake)
[1.150s] -- Found rmw_fastrtps_cpp: 6.2.6 (/opt/ros/humble/share/rmw_fastrtps_cpp/cmake)
[1.185s] -- Found TinyXML2 via Config file: TinyXML2_DIR-NOTFOUND
[1.219s] -- Found OpenSSL: /usr/lib/x86_64-linux-gnu/libcrypto.so (found version "3.0.2")  
[1.222s] -- Found TinyXML2 via Config file: TinyXML2_DIR-NOTFOUND
[1.232s] -- Found FastRTPS: /opt/ros/humble/include  
[1.238s] -- Found TinyXML2 via Config file: TinyXML2_DIR-NOTFOUND
[1.244s] -- Found TinyXML2 via Config file: TinyXML2_DIR-NOTFOUND
[1.251s] -- Using RMW implementation 'rmw_fastrtps_cpp' as default
[1.261s] -- Looking for pthread.h
[1.296s] -- Looking for pthread.h - found
[1.296s] -- Performing Test CMAKE_HAVE_LIBC_PTHREAD
[1.333s] -- Performing Test CMAKE_HAVE_LIBC_PTHREAD - Success
[1.333s] -- Found Threads: TRUE  
[1.707s] -- Found gazebo_dev: 3.7.0 (/opt/ros/humble/share/gazebo_dev/cmake)
[1.714s] -- Found PkgConfig: /usr/bin/pkg-config (found version "0.29.2") 
[1.715s] -- Checking for module 'bullet>=2.82'
[1.723s] --   Found bullet, version 3.05
[1.793s] -- Found fcl: /usr/include (found suitable version "0.7.0", minimum required is "0.5.0") 
[1.823s] -- Found assimp: /usr/include (found version "5.2.0") 
[1.847s] -- Found DART: /usr/include (Required is at least version "6.6") found components: dart 
[1.877s] -- Found Boost: /usr/lib/x86_64-linux-gnu/cmake/Boost-1.74.0/BoostConfig.cmake (found suitable version "1.74.0", minimum required is "1.40.0") found components: thread system filesystem program_options regex iostreams date_time 
[1.887s] -- Found Protobuf: /usr/lib/x86_64-linux-gnu/libprotobuf.so (found version "3.12.4") 
[1.892s] -- Looking for ignition-math6 -- found version 6.15.1
[1.900s] -- Searching for dependencies of ignition-math6
[1.902s] -- Looking for OGRE...
[1.902s] -- OGRE_PREFIX_WATCH changed.
[1.906s] -- Checking for module 'OGRE'
[1.914s] --   Found OGRE, version 1.9.0
[1.932s] -- Found Ogre Ghadamon (1.9.0)
[1.938s] -- Found OGRE: optimized;/usr/lib/x86_64-linux-gnu/libOgreMain.so;debug;/usr/lib/x86_64-linux-gnu/libOgreMain.so
[1.946s] -- Looking for OGRE_Paging...
[1.950s] -- Found OGRE_Paging: optimized;/usr/lib/x86_64-linux-gnu/libOgrePaging.so;debug;/usr/lib/x86_64-linux-gnu/libOgrePaging.so
[1.950s] -- Looking for OGRE_Terrain...
[1.952s] -- Found OGRE_Terrain: optimized;/usr/lib/x86_64-linux-gnu/libOgreTerrain.so;debug;/usr/lib/x86_64-linux-gnu/libOgreTerrain.so
[1.952s] -- Looking for OGRE_Property...
[1.955s] -- Found OGRE_Property: optimized;/usr/lib/x86_64-linux-gnu/libOgreProperty.so;debug;/usr/lib/x86_64-linux-gnu/libOgreProperty.so
[1.955s] -- Looking for OGRE_RTShaderSystem...
[1.958s] -- Found OGRE_RTShaderSystem: optimized;/usr/lib/x86_64-linux-gnu/libOgreRTShaderSystem.so;debug;/usr/lib/x86_64-linux-gnu/libOgreRTShaderSystem.so
[1.958s] -- Looking for OGRE_Volume...
[1.961s] -- Found OGRE_Volume: optimized;/usr/lib/x86_64-linux-gnu/libOgreVolume.so;debug;/usr/lib/x86_64-linux-gnu/libOgreVolume.so
[1.961s] -- Looking for OGRE_Overlay...
[1.963s] -- Found OGRE_Overlay: optimized;/usr/lib/x86_64-linux-gnu/libOgreOverlay.so;debug;/usr/lib/x86_64-linux-gnu/libOgreOverlay.so
[2.021s] -- Looking for ignition-math6 -- found version 6.15.1
[2.023s] -- Looking for ignition-transport8 -- found version 8.2.1
[2.023s] -- Searching for dependencies of ignition-transport8
[2.034s] -- Found Protobuf: /usr/lib/x86_64-linux-gnu/libprotobuf.so (found suitable version "3.12.4", minimum required is "3") 
[2.041s] -- Config-file not installed for ZeroMQ -- checking for pkg-config
[2.044s] -- Checking for module 'libzmq >= 4'
[2.055s] --   Found libzmq , version 4.3.4
[2.077s] -- Found ZeroMQ: TRUE (Required is at least version "4") 
[2.081s] -- Checking for module 'uuid'
[2.088s] --   Found uuid, version 2.37.2
[2.108s] -- Found UUID: TRUE  
[2.109s] -- Looking for ignition-msgs5 -- found version 5.8.1
[2.110s] -- Searching for dependencies of ignition-msgs5
[2.121s] -- Looking for ignition-math6 -- found version 6.15.1
[2.125s] -- Checking for module 'tinyxml2'
[2.133s] --   Found tinyxml2, version 9.0.0
[2.157s] -- Looking for ignition-msgs5 -- found version 5.8.1
[2.159s] -- Looking for ignition-common3 -- found version 3.14.0
[2.159s] -- Searching for dependencies of ignition-common3
[2.160s] -- Looking for dlfcn.h - found
[2.160s] -- Looking for libdl - found
[2.161s] -- Found DL: TRUE  
[2.169s] -- Found tinyobjloader: /usr/lib/x86_64-linux-gnu/cmake/tinyobjloader/tinyobjloader-config.cmake (found version "2.0.0") 
[2.170s] -- Searching for <ignition-common3> component [graphics]
[2.172s] -- Looking for ignition-common3-graphics -- found version 3.14.0
[2.172s] -- Searching for dependencies of ignition-common3-graphics
[2.173s] -- Looking for ignition-math6 -- found version 6.15.1
[2.175s] -- Looking for ignition-fuel_tools4 -- found version 4.4.0
[2.176s] -- Searching for dependencies of ignition-fuel_tools4
[2.224s] -- Found CURL: /usr/lib/x86_64-linux-gnu/libcurl.so (found version "7.81.0")  
[2.231s] -- Checking for module 'jsoncpp'
[2.239s] --   Found jsoncpp, version 1.9.5
[2.261s] -- Found JSONCPP: TRUE  
[2.264s] -- Checking for module 'libzip'
[2.272s] --   Found libzip, version 1.7.3
[2.293s] -- Found ZIP: TRUE  
[2.293s] -- Looking for ignition-common3 -- found version 3.14.0
[2.293s] -- Looking for ignition-math6 -- found version 6.15.1
[2.293s] -- Looking for ignition-msgs5 -- found version 5.8.1
[2.298s] -- Gazebo version: 11.10
[2.298s] -- Checking for module 'tbb'
[2.306s] --   Found tbb, version 2021.5.0
[2.326s] -- Found gazebo_ros: 3.7.0 (/opt/ros/humble/share/gazebo_ros/cmake)
[2.334s] -- Found yaml_cpp_vendor: 8.0.2 (/opt/ros/humble/share/yaml_cpp_vendor/cmake)
[2.703s] -- Found ament_cmake_gtest: 1.3.8 (/opt/ros/humble/share/ament_cmake_gtest/cmake)
[2.706s] -- Found ament_lint_auto: 0.12.10 (/opt/ros/humble/share/ament_lint_auto/cmake)
[2.769s] -- Added test 'copyright' to check source files copyright and LICENSE
[2.771s] -- Added test 'cppcheck' to perform static code analysis on C / C++ code
[2.771s] -- Configured cppcheck include dirs: /home/pawan/arm_6x/src/gazebo_ros2_control/include
[2.771s] -- Configured cppcheck exclude dirs and/or files: 
[2.772s] -- Added test 'cpplint' to check C / C++ code against the Google style
[2.772s] -- Configured cpplint exclude dirs and/or files: 
[2.772s] -- Added test 'lint_cmake' to check CMake code style
[2.773s] -- Added test 'uncrustify' to check C / C++ code style
[2.773s] -- Configured uncrustify additional arguments: 
[2.773s] -- Added test 'xmllint' to check XML markup files
[2.774s] -- Configuring done
[2.801s] -- Generating done
[2.803s] -- Build files have been written to: /home/pawan/arm_6x/build/gazebo_ros2_control
[2.812s] Invoked command in '/home/pawan/arm_6x/build/gazebo_ros2_control' returned '0': CMAKE_PREFIX_PATH=${CMAKE_PREFIX_PATH}:/home/pawan/arm_6x/install/roverarm:/opt/ros/humble /usr/bin/cmake /home/pawan/arm_6x/src/gazebo_ros2_control -DCMAKE_INSTALL_PREFIX=/home/pawan/arm_6x/install/gazebo_ros2_control
[2.812s] Invoking command in '/home/pawan/arm_6x/build/gazebo_ros2_control': CMAKE_PREFIX_PATH=${CMAKE_PREFIX_PATH}:/home/pawan/arm_6x/install/roverarm:/opt/ros/humble /usr/bin/cmake --build /home/pawan/arm_6x/build/gazebo_ros2_control -- -j12 -l12
[2.848s] [ 50%] [32mBuilding CXX object CMakeFiles/gazebo_hardware_plugins.dir/src/gazebo_system.cpp.o[0m
[2.848s] [ 50%] [32mBuilding CXX object CMakeFiles/gazebo_ros2_control.dir/src/gazebo_ros2_control_plugin.cpp.o[0m
[2.889s] [ 75%] [32m[1mLinking CXX shared library libgazebo_hardware_plugins.so[0m
[2.891s] [100%] [32m[1mLinking CXX shared library libgazebo_ros2_control.so[0m
[3.269s] [100%] Built target gazebo_hardware_plugins
[3.358s] [100%] Built target gazebo_ros2_control
[3.365s] Invoked command in '/home/pawan/arm_6x/build/gazebo_ros2_control' returned '0': CMAKE_PREFIX_PATH=${CMAKE_PREFIX_PATH}:/home/pawan/arm_6x/install/roverarm:/opt/ros/humble /usr/bin/cmake --build /home/pawan/arm_6x/build/gazebo_ros2_control -- -j12 -l12
[3.389s] Invoking command in '/home/pawan/arm_6x/build/gazebo_ros2_control': CMAKE_PREFIX_PATH=${CMAKE_PREFIX_PATH}:/home/pawan/arm_6x/install/roverarm:/opt/ros/humble /usr/bin/cmake --install /home/pawan/arm_6x/build/gazebo_ros2_control
[3.393s] -- Install configuration: ""
[3.393s] -- Installing: /home/pawan/arm_6x/install/gazebo_ros2_control/lib/libgazebo_ros2_control.so
[3.395s] -- Set runtime path of "/home/pawan/arm_6x/install/gazebo_ros2_control/lib/libgazebo_ros2_control.so" to ""
[3.395s] -- Installing: /home/pawan/arm_6x/install/gazebo_ros2_control/lib/libgazebo_hardware_plugins.so
[3.396s] -- Set runtime path of "/home/pawan/arm_6x/install/gazebo_ros2_control/lib/libgazebo_hardware_plugins.so" to ""
[3.396s] -- Installing: /home/pawan/arm_6x/install/gazebo_ros2_control/share/gazebo_ros2_control/environment/library_path.sh
[3.396s] -- Installing: /home/pawan/arm_6x/install/gazebo_ros2_control/share/gazebo_ros2_control/environment/library_path.dsv
[3.396s] -- Installing: /home/pawan/arm_6x/install/gazebo_ros2_control/include/gazebo_ros2_control
[3.397s] -- Installing: /home/pawan/arm_6x/install/gazebo_ros2_control/include/gazebo_ros2_control/gazebo_system_interface.hpp
[3.397s] -- Installing: /home/pawan/arm_6x/install/gazebo_ros2_control/include/gazebo_ros2_control/gazebo_system.hpp
[3.397s] -- Installing: /home/pawan/arm_6x/install/gazebo_ros2_control/include/gazebo_ros2_control/gazebo_ros2_control_plugin.hpp
[3.397s] -- Installing: /home/pawan/arm_6x/install/gazebo_ros2_control/share/gazebo_ros2_control/gazebo_hardware_plugins.xml
[3.397s] -- Installing: /home/pawan/arm_6x/install/gazebo_ros2_control/share/ament_index/resource_index/package_run_dependencies/gazebo_ros2_control
[3.397s] -- Installing: /home/pawan/arm_6x/install/gazebo_ros2_control/share/ament_index/resource_index/parent_prefix_path/gazebo_ros2_control
[3.397s] -- Installing: /home/pawan/arm_6x/install/gazebo_ros2_control/share/gazebo_ros2_control/environment/ament_prefix_path.sh
[3.397s] -- Installing: /home/pawan/arm_6x/install/gazebo_ros2_control/share/gazebo_ros2_control/environment/ament_prefix_path.dsv
[3.398s] -- Installing: /home/pawan/arm_6x/install/gazebo_ros2_control/share/gazebo_ros2_control/environment/path.sh
[3.398s] -- Installing: /home/pawan/arm_6x/install/gazebo_ros2_control/share/gazebo_ros2_control/environment/path.dsv
[3.398s] -- Installing: /home/pawan/arm_6x/install/gazebo_ros2_control/share/gazebo_ros2_control/local_setup.bash
[3.398s] -- Installing: /home/pawan/arm_6x/install/gazebo_ros2_control/share/gazebo_ros2_control/local_setup.sh
[3.398s] -- Installing: /home/pawan/arm_6x/install/gazebo_ros2_control/share/gazebo_ros2_control/local_setup.zsh
[3.398s] -- Installing: /home/pawan/arm_6x/install/gazebo_ros2_control/share/gazebo_ros2_control/local_setup.dsv
[3.398s] -- Installing: /home/pawan/arm_6x/install/gazebo_ros2_control/share/gazebo_ros2_control/package.dsv
[3.398s] -- Installing: /home/pawan/arm_6x/install/gazebo_ros2_control/share/ament_index/resource_index/packages/gazebo_ros2_control
[3.398s] -- Installing: /home/pawan/arm_6x/install/gazebo_ros2_control/share/ament_index/resource_index/gazebo_ros2_control__pluginlib__plugin/gazebo_ros2_control
[3.399s] -- Installing: /home/pawan/arm_6x/install/gazebo_ros2_control/share/gazebo_ros2_control/cmake/ament_cmake_export_include_directories-extras.cmake
[3.399s] -- Installing: /home/pawan/arm_6x/install/gazebo_ros2_control/share/gazebo_ros2_control/cmake/ament_cmake_export_dependencies-extras.cmake
[3.399s] -- Installing: /home/pawan/arm_6x/install/gazebo_ros2_control/share/gazebo_ros2_control/cmake/ament_cmake_export_libraries-extras.cmake
[3.399s] -- Installing: /home/pawan/arm_6x/install/gazebo_ros2_control/share/gazebo_ros2_control/cmake/gazebo_ros2_controlConfig.cmake
[3.399s] -- Installing: /home/pawan/arm_6x/install/gazebo_ros2_control/share/gazebo_ros2_control/cmake/gazebo_ros2_controlConfig-version.cmake
[3.400s] -- Installing: /home/pawan/arm_6x/install/gazebo_ros2_control/share/gazebo_ros2_control/package.xml
[3.400s] Invoked command in '/home/pawan/arm_6x/build/gazebo_ros2_control' returned '0': CMAKE_PREFIX_PATH=${CMAKE_PREFIX_PATH}:/home/pawan/arm_6x/install/roverarm:/opt/ros/humble /usr/bin/cmake --install /home/pawan/arm_6x/build/gazebo_ros2_control
