[0.440s] Invoking command in '/home/pawan/arm_6x/src/roverarm': PYTHONPATH=/home/pawan/arm_6x/build/roverarm/prefix_override:/home/pawan/arm_6x/install/roverarm/lib/python3.10/site-packages:${PYTHONPATH} /usr/bin/python3 -W ignore:setup.py install is deprecated setup.py egg_info --egg-base ../../build/roverarm build --build-base /home/pawan/arm_6x/build/roverarm/build install --record /home/pawan/arm_6x/build/roverarm/install.log --single-version-externally-managed install_data
[0.561s] running egg_info
[0.568s] writing ../../build/roverarm/roverarm.egg-info/PKG-INFO
[0.568s] writing dependency_links to ../../build/roverarm/roverarm.egg-info/dependency_links.txt
[0.568s] writing requirements to ../../build/roverarm/roverarm.egg-info/requires.txt
[0.568s] writing top-level names to ../../build/roverarm/roverarm.egg-info/top_level.txt
[0.583s] reading manifest file '../../build/roverarm/roverarm.egg-info/SOURCES.txt'
[0.583s] adding license file 'LICENSE'
[0.583s] writing manifest file '../../build/roverarm/roverarm.egg-info/SOURCES.txt'
[0.583s] running build
[0.584s] running build_py
[0.584s] copying roverarm/__init__.py -> /home/pawan/arm_6x/build/roverarm/build/lib/roverarm
[0.584s] running install
[0.587s] running install_lib
[0.594s] running install_data
[0.594s] copying resource/roverarm -> /home/pawan/arm_6x/install/roverarm/share/ament_index/resource_index/packages
[0.594s] copying package.xml -> /home/pawan/arm_6x/install/roverarm/share/roverarm
[0.595s] copying launch/rsp.launch.py -> /home/pawan/arm_6x/install/roverarm/share/roverarm/launch
[0.595s] copying launch/launch.launch.py -> /home/pawan/arm_6x/install/roverarm/share/roverarm/launch
[0.595s] copying launch/display.launch.py -> /home/pawan/arm_6x/install/roverarm/share/roverarm/launch
[0.595s] copying launch/gazebo.launch.py -> /home/pawan/arm_6x/install/roverarm/share/roverarm/launch
[0.595s] copying launch/turtle.launch.py -> /home/pawan/arm_6x/install/roverarm/share/roverarm/launch
[0.595s] copying urdf/roverarm.urdf -> /home/pawan/arm_6x/install/roverarm/share/roverarm/urdf
[0.595s] copying rviz/urdf.rviz -> /home/pawan/arm_6x/install/roverarm/share/roverarm/rviz
[0.595s] copying rviz/pckplc.rviz -> /home/pawan/arm_6x/install/roverarm/share/roverarm/rviz
[0.595s] copying script/move.py -> /home/pawan/arm_6x/install/roverarm/share/roverarm/script
[0.595s] copying script/transformation.py -> /home/pawan/arm_6x/install/roverarm/share/roverarm/script
[0.596s] running install_egg_info
[0.603s] removing '/home/pawan/arm_6x/install/roverarm/lib/python3.10/site-packages/roverarm-0.0.0-py3.10.egg-info' (and everything under it)
[0.603s] Copying ../../build/roverarm/roverarm.egg-info to /home/pawan/arm_6x/install/roverarm/lib/python3.10/site-packages/roverarm-0.0.0-py3.10.egg-info
[0.603s] running install_scripts
[0.677s] writing list of installed files to '/home/pawan/arm_6x/build/roverarm/install.log'
[0.694s] Invoked command in '/home/pawan/arm_6x/src/roverarm' returned '0': PYTHONPATH=/home/pawan/arm_6x/build/roverarm/prefix_override:/home/pawan/arm_6x/install/roverarm/lib/python3.10/site-packages:${PYTHONPATH} /usr/bin/python3 -W ignore:setup.py install is deprecated setup.py egg_info --egg-base ../../build/roverarm build --build-base /home/pawan/arm_6x/build/roverarm/build install --record /home/pawan/arm_6x/build/roverarm/install.log --single-version-externally-managed install_data
