running egg_info
creating ../../build/roverarm/roverarm.egg-info
writing ../../build/roverarm/roverarm.egg-info/PKG-INFO
writing dependency_links to ../../build/roverarm/roverarm.egg-info/dependency_links.txt
writing requirements to ../../build/roverarm/roverarm.egg-info/requires.txt
writing top-level names to ../../build/roverarm/roverarm.egg-info/top_level.txt
writing manifest file '../../build/roverarm/roverarm.egg-info/SOURCES.txt'
reading manifest file '../../build/roverarm/roverarm.egg-info/SOURCES.txt'
adding license file 'LICENSE'
writing manifest file '../../build/roverarm/roverarm.egg-info/SOURCES.txt'
running build
running build_py
creating /home/pawan/arm_6x/build/roverarm/build
creating /home/pawan/arm_6x/build/roverarm/build/lib
creating /home/pawan/arm_6x/build/roverarm/build/lib/roverarm
copying roverarm/__init__.py -> /home/pawan/arm_6x/build/roverarm/build/lib/roverarm
running install
running install_lib
creating /home/pawan/arm_6x/install/roverarm/lib/python3.10/site-packages/roverarm
copying /home/pawan/arm_6x/build/roverarm/build/lib/roverarm/__init__.py -> /home/pawan/arm_6x/install/roverarm/lib/python3.10/site-packages/roverarm
byte-compiling /home/pawan/arm_6x/install/roverarm/lib/python3.10/site-packages/roverarm/__init__.py to __init__.cpython-310.pyc
running install_data
creating /home/pawan/arm_6x/install/roverarm/share/ament_index
creating /home/pawan/arm_6x/install/roverarm/share/ament_index/resource_index
creating /home/pawan/arm_6x/install/roverarm/share/ament_index/resource_index/packages
copying resource/roverarm -> /home/pawan/arm_6x/install/roverarm/share/ament_index/resource_index/packages
copying package.xml -> /home/pawan/arm_6x/install/roverarm/share/roverarm
creating /home/pawan/arm_6x/install/roverarm/share/roverarm/launch
copying launch/rsp.launch.py -> /home/pawan/arm_6x/install/roverarm/share/roverarm/launch
copying launch/gazebo.launch -> /home/pawan/arm_6x/install/roverarm/share/roverarm/launch
copying launch/launch.launch.py -> /home/pawan/arm_6x/install/roverarm/share/roverarm/launch
copying launch/display.launch.py -> /home/pawan/arm_6x/install/roverarm/share/roverarm/launch
copying launch/display.launch -> /home/pawan/arm_6x/install/roverarm/share/roverarm/launch
copying launch/gazebo.launch.py -> /home/pawan/arm_6x/install/roverarm/share/roverarm/launch
copying launch/turtle.launch.py -> /home/pawan/arm_6x/install/roverarm/share/roverarm/launch
creating /home/pawan/arm_6x/install/roverarm/share/roverarm/urdf
copying urdf/roverarm.urdf -> /home/pawan/arm_6x/install/roverarm/share/roverarm/urdf
copying urdf/roverarm.csv -> /home/pawan/arm_6x/install/roverarm/share/roverarm/urdf
creating /home/pawan/arm_6x/install/roverarm/share/roverarm/config
copying config/joint_names_roverarm.yaml -> /home/pawan/arm_6x/install/roverarm/share/roverarm/config
creating /home/pawan/arm_6x/install/roverarm/share/roverarm/meshes
copying meshes/link2.STL -> /home/pawan/arm_6x/install/roverarm/share/roverarm/meshes
copying meshes/link4.STL -> /home/pawan/arm_6x/install/roverarm/share/roverarm/meshes
copying meshes/link1.STL -> /home/pawan/arm_6x/install/roverarm/share/roverarm/meshes
copying meshes/link3.STL -> /home/pawan/arm_6x/install/roverarm/share/roverarm/meshes
copying meshes/ee.STL -> /home/pawan/arm_6x/install/roverarm/share/roverarm/meshes
copying meshes/base_link.STL -> /home/pawan/arm_6x/install/roverarm/share/roverarm/meshes
copying meshes/link5.STL -> /home/pawan/arm_6x/install/roverarm/share/roverarm/meshes
creating /home/pawan/arm_6x/install/roverarm/share/roverarm/rviz
copying rviz/urdf.rviz -> /home/pawan/arm_6x/install/roverarm/share/roverarm/rviz
copying rviz/pckplc.rviz -> /home/pawan/arm_6x/install/roverarm/share/roverarm/rviz
creating /home/pawan/arm_6x/install/roverarm/share/roverarm/script
copying script/move.py -> /home/pawan/arm_6x/install/roverarm/share/roverarm/script
copying script/transformation.py -> /home/pawan/arm_6x/install/roverarm/share/roverarm/script
running install_egg_info
Copying ../../build/roverarm/roverarm.egg-info to /home/pawan/arm_6x/install/roverarm/lib/python3.10/site-packages/roverarm-0.0.0-py3.10.egg-info
running install_scripts
writing list of installed files to '/home/pawan/arm_6x/build/roverarm/install.log'
