/home/pawan/arm_6x/install/roverarm/lib/python3.10/site-packages/roverarm/__init__.py
/home/pawan/arm_6x/install/roverarm/lib/python3.10/site-packages/roverarm/__pycache__/__init__.cpython-310.pyc
/home/pawan/arm_6x/install/roverarm/share/ament_index/resource_index/packages/roverarm
/home/pawan/arm_6x/install/roverarm/share/roverarm/package.xml
/home/pawan/arm_6x/install/roverarm/share/roverarm/launch/rsp.launch.py
/home/pawan/arm_6x/install/roverarm/share/roverarm/launch/gazebo.launch
/home/pawan/arm_6x/install/roverarm/share/roverarm/launch/launch.launch.py
/home/pawan/arm_6x/install/roverarm/share/roverarm/launch/display.launch.py
/home/pawan/arm_6x/install/roverarm/share/roverarm/launch/display.launch
/home/pawan/arm_6x/install/roverarm/share/roverarm/launch/gazebo.launch.py
/home/pawan/arm_6x/install/roverarm/share/roverarm/launch/turtle.launch.py
/home/pawan/arm_6x/install/roverarm/share/roverarm/urdf/roverarm.urdf
/home/pawan/arm_6x/install/roverarm/share/roverarm/urdf/roverarm.csv
/home/pawan/arm_6x/install/roverarm/share/roverarm/config/joint_names_roverarm.yaml
/home/pawan/arm_6x/install/roverarm/share/roverarm/meshes/link2.STL
/home/pawan/arm_6x/install/roverarm/share/roverarm/meshes/link4.STL
/home/pawan/arm_6x/install/roverarm/share/roverarm/meshes/link1.STL
/home/pawan/arm_6x/install/roverarm/share/roverarm/meshes/link3.STL
/home/pawan/arm_6x/install/roverarm/share/roverarm/meshes/ee.STL
/home/pawan/arm_6x/install/roverarm/share/roverarm/meshes/base_link.STL
/home/pawan/arm_6x/install/roverarm/share/roverarm/meshes/link5.STL
/home/pawan/arm_6x/install/roverarm/share/roverarm/rviz/urdf.rviz
/home/pawan/arm_6x/install/roverarm/share/roverarm/rviz/pckplc.rviz
/home/pawan/arm_6x/install/roverarm/share/roverarm/script/move.py
/home/pawan/arm_6x/install/roverarm/share/roverarm/script/transformation.py
/home/pawan/arm_6x/install/roverarm/lib/python3.10/site-packages/roverarm-0.0.0-py3.10.egg-info/dependency_links.txt
/home/pawan/arm_6x/install/roverarm/lib/python3.10/site-packages/roverarm-0.0.0-py3.10.egg-info/top_level.txt
/home/pawan/arm_6x/install/roverarm/lib/python3.10/site-packages/roverarm-0.0.0-py3.10.egg-info/PKG-INFO
/home/pawan/arm_6x/install/roverarm/lib/python3.10/site-packages/roverarm-0.0.0-py3.10.egg-info/SOURCES.txt
/home/pawan/arm_6x/install/roverarm/lib/python3.10/site-packages/roverarm-0.0.0-py3.10.egg-info/zip-safe
/home/pawan/arm_6x/install/roverarm/lib/python3.10/site-packages/roverarm-0.0.0-py3.10.egg-info/requires.txt
